2021-10-08 11:24:00, INFO: Current git head hash code: %s
2021-10-08 11:24:00, INFO: Using device: cpu
2021-10-08 11:24:00, INFO: Policy: LSTM-GA3C w/o pairwise interaction module
2021-10-08 11:24:00, INFO: human number: 5
2021-10-08 11:24:00, INFO: Not randomize human's radius and preferred speed
2021-10-08 11:24:00, INFO: Training simulation: circle_crossing, test simulation: circle_crossing
2021-10-08 11:24:00, INFO: Square width: 10.0, circle width: 4.0
2021-10-08 11:24:00, INFO: Current learning rate: 0.010000
2021-10-08 11:24:33, INFO: TRAIN has success rate: 0.88, collision rate: 0.10, nav time: 12.17, total reward: 0.2363
2021-10-08 11:52:06, INFO: Finish imitation learning. Weights saved.
2021-10-08 11:52:06, INFO: Experience set size: 66970/100000
2021-10-08 11:52:06, INFO: Agent is invisible and has holonomic kinematic constraint
2021-10-08 11:52:06, INFO: Current learning rate: 0.001000
2021-10-08 11:57:51, INFO: VAL   in episode 0 has success rate: 0.80, collision rate: 0.20, nav time: 11.69, total reward: 0.1373
2021-10-08 11:57:51, INFO: Frequency of being in danger: 0.19 and average min separate distance in danger: 0.08
2021-10-08 12:00:10, INFO: TRAIN in episode 0 has success rate: 0.62, collision rate: 0.26, nav time: 19.46, total reward: 0.0391
2021-10-08 12:02:14, INFO: TRAIN in episode 1 has success rate: 0.64, collision rate: 0.36, nav time: 18.84, total reward: 0.0239
2021-10-08 12:04:15, INFO: TRAIN in episode 2 has success rate: 0.68, collision rate: 0.32, nav time: 18.36, total reward: 0.0341
2021-10-08 12:06:28, INFO: TRAIN in episode 3 has success rate: 0.70, collision rate: 0.28, nav time: 17.18, total reward: 0.0613
2021-10-08 12:09:19, INFO: TRAIN in episode 4 has success rate: 0.52, collision rate: 0.10, nav time: 19.68, total reward: 0.0450
2021-10-08 12:11:53, INFO: TRAIN in episode 5 has success rate: 0.54, collision rate: 0.24, nav time: 20.02, total reward: 0.0288
2021-10-08 12:14:32, INFO: TRAIN in episode 6 has success rate: 0.60, collision rate: 0.18, nav time: 19.92, total reward: 0.0391
2021-10-08 12:16:41, INFO: TRAIN in episode 7 has success rate: 0.34, collision rate: 0.46, nav time: 19.07, total reward: -0.0118
2021-10-08 12:19:48, INFO: TRAIN in episode 8 has success rate: 0.22, collision rate: 0.14, nav time: 21.50, total reward: -0.0022
2021-10-08 12:23:09, INFO: TRAIN in episode 9 has success rate: 0.18, collision rate: 0.12, nav time: 20.94, total reward: 0.0076
2021-10-08 12:26:10, INFO: TRAIN in episode 10 has success rate: 0.22, collision rate: 0.12, nav time: 20.59, total reward: 0.0089
2021-10-08 12:29:19, INFO: TRAIN in episode 11 has success rate: 0.30, collision rate: 0.14, nav time: 20.18, total reward: 0.0178
2021-10-08 12:32:29, INFO: TRAIN in episode 12 has success rate: 0.12, collision rate: 0.24, nav time: 19.04, total reward: -0.0039
2021-10-08 12:35:21, INFO: TRAIN in episode 13 has success rate: 0.34, collision rate: 0.24, nav time: 20.78, total reward: 0.0092
2021-10-08 12:38:57, INFO: TRAIN in episode 14 has success rate: 0.00, collision rate: 0.06, nav time: 25.00, total reward: -0.0073
2021-10-08 12:42:30, INFO: TRAIN in episode 15 has success rate: 0.00, collision rate: 0.06, nav time: 25.00, total reward: -0.0063
2021-10-08 12:45:59, INFO: TRAIN in episode 16 has success rate: 0.00, collision rate: 0.08, nav time: 25.00, total reward: -0.0083
2021-10-08 12:49:23, INFO: TRAIN in episode 17 has success rate: 0.00, collision rate: 0.16, nav time: 25.00, total reward: -0.0220
2021-10-08 12:52:27, INFO: TRAIN in episode 18 has success rate: 0.00, collision rate: 0.16, nav time: 25.00, total reward: -0.0228
2021-10-08 12:55:46, INFO: TRAIN in episode 19 has success rate: 0.00, collision rate: 0.12, nav time: 25.00, total reward: -0.0190
2021-10-08 12:59:15, INFO: TRAIN in episode 20 has success rate: 0.00, collision rate: 0.10, nav time: 25.00, total reward: -0.0080
2021-10-08 13:02:46, INFO: TRAIN in episode 21 has success rate: 0.00, collision rate: 0.08, nav time: 25.00, total reward: -0.0085
2021-10-08 13:06:05, INFO: TRAIN in episode 22 has success rate: 0.00, collision rate: 0.08, nav time: 25.00, total reward: -0.0108
2021-10-08 13:09:27, INFO: TRAIN in episode 23 has success rate: 0.00, collision rate: 0.12, nav time: 25.00, total reward: -0.0122
2021-10-08 13:13:05, INFO: TRAIN in episode 24 has success rate: 0.00, collision rate: 0.06, nav time: 25.00, total reward: -0.0108
2021-10-08 13:16:26, INFO: TRAIN in episode 25 has success rate: 0.00, collision rate: 0.06, nav time: 25.00, total reward: -0.0059
2021-10-08 13:19:56, INFO: TRAIN in episode 26 has success rate: 0.00, collision rate: 0.08, nav time: 25.00, total reward: -0.0068
2021-10-08 13:23:08, INFO: TRAIN in episode 27 has success rate: 0.00, collision rate: 0.12, nav time: 25.00, total reward: -0.0182
2021-10-08 13:26:30, INFO: TRAIN in episode 28 has success rate: 0.00, collision rate: 0.10, nav time: 25.00, total reward: -0.0136
2021-10-08 13:29:38, INFO: TRAIN in episode 29 has success rate: 0.00, collision rate: 0.12, nav time: 25.00, total reward: -0.0154
2021-10-08 13:33:12, INFO: TRAIN in episode 30 has success rate: 0.00, collision rate: 0.08, nav time: 25.00, total reward: -0.0102
2021-10-08 13:36:35, INFO: TRAIN in episode 31 has success rate: 0.00, collision rate: 0.18, nav time: 25.00, total reward: -0.0177
2021-10-08 13:40:09, INFO: TRAIN in episode 32 has success rate: 0.00, collision rate: 0.08, nav time: 25.00, total reward: -0.0092
2021-10-08 13:43:39, INFO: TRAIN in episode 33 has success rate: 0.00, collision rate: 0.02, nav time: 25.00, total reward: -0.0046
2021-10-08 13:46:57, INFO: TRAIN in episode 34 has success rate: 0.00, collision rate: 0.12, nav time: 25.00, total reward: -0.0142
2021-10-08 13:50:28, INFO: TRAIN in episode 35 has success rate: 0.00, collision rate: 0.08, nav time: 25.00, total reward: -0.0112
2021-10-08 13:53:42, INFO: TRAIN in episode 36 has success rate: 0.00, collision rate: 0.16, nav time: 25.00, total reward: -0.0170
2021-10-08 13:57:09, INFO: TRAIN in episode 37 has success rate: 0.00, collision rate: 0.08, nav time: 25.00, total reward: -0.0076
2021-10-08 14:00:33, INFO: TRAIN in episode 38 has success rate: 0.00, collision rate: 0.02, nav time: 25.00, total reward: -0.0029
2021-10-08 14:03:49, INFO: TRAIN in episode 39 has success rate: 0.00, collision rate: 0.10, nav time: 25.00, total reward: -0.0092
2021-10-08 14:07:00, INFO: TRAIN in episode 40 has success rate: 0.00, collision rate: 0.20, nav time: 25.00, total reward: -0.0193
2021-10-08 14:10:14, INFO: TRAIN in episode 41 has success rate: 0.00, collision rate: 0.14, nav time: 25.00, total reward: -0.0156
2021-10-08 14:13:26, INFO: TRAIN in episode 42 has success rate: 0.00, collision rate: 0.06, nav time: 25.00, total reward: -0.0113
2021-10-08 14:16:29, INFO: TRAIN in episode 43 has success rate: 0.00, collision rate: 0.12, nav time: 25.00, total reward: -0.0248
2021-10-08 14:19:49, INFO: TRAIN in episode 44 has success rate: 0.00, collision rate: 0.04, nav time: 25.00, total reward: -0.0075
2021-10-08 14:23:06, INFO: TRAIN in episode 45 has success rate: 0.00, collision rate: 0.08, nav time: 25.00, total reward: -0.0084
2021-10-08 14:26:13, INFO: TRAIN in episode 46 has success rate: 0.00, collision rate: 0.14, nav time: 25.00, total reward: -0.0165
2021-10-08 14:29:30, INFO: TRAIN in episode 47 has success rate: 0.00, collision rate: 0.12, nav time: 25.00, total reward: -0.0142
2021-10-08 14:32:49, INFO: TRAIN in episode 48 has success rate: 0.00, collision rate: 0.08, nav time: 25.00, total reward: -0.0072
2021-10-08 14:36:14, INFO: TRAIN in episode 49 has success rate: 0.00, collision rate: 0.10, nav time: 25.00, total reward: -0.0055
2021-10-08 14:39:28, INFO: TRAIN in episode 50 has success rate: 0.00, collision rate: 0.12, nav time: 25.00, total reward: -0.0163
2021-10-08 14:42:49, INFO: TRAIN in episode 51 has success rate: 0.00, collision rate: 0.08, nav time: 25.00, total reward: -0.0091
2021-10-08 14:46:04, INFO: TRAIN in episode 52 has success rate: 0.00, collision rate: 0.08, nav time: 25.00, total reward: -0.0106
2021-10-08 14:49:13, INFO: TRAIN in episode 53 has success rate: 0.00, collision rate: 0.18, nav time: 25.00, total reward: -0.0179
2021-10-08 14:52:33, INFO: TRAIN in episode 54 has success rate: 0.00, collision rate: 0.08, nav time: 25.00, total reward: -0.0121
2021-10-08 14:55:50, INFO: TRAIN in episode 55 has success rate: 0.00, collision rate: 0.12, nav time: 25.00, total reward: -0.0091
2021-10-08 14:59:00, INFO: TRAIN in episode 56 has success rate: 0.00, collision rate: 0.12, nav time: 25.00, total reward: -0.0203
2021-10-08 15:02:31, INFO: TRAIN in episode 57 has success rate: 0.00, collision rate: 0.12, nav time: 25.00, total reward: -0.0129
2021-10-08 15:05:55, INFO: TRAIN in episode 58 has success rate: 0.00, collision rate: 0.04, nav time: 25.00, total reward: -0.0048
2021-10-08 15:09:08, INFO: TRAIN in episode 59 has success rate: 0.00, collision rate: 0.12, nav time: 25.00, total reward: -0.0122
2021-10-08 15:12:24, INFO: TRAIN in episode 60 has success rate: 0.00, collision rate: 0.10, nav time: 25.00, total reward: -0.0122
2021-10-08 15:15:41, INFO: TRAIN in episode 61 has success rate: 0.00, collision rate: 0.10, nav time: 25.00, total reward: -0.0108
2021-10-08 15:19:08, INFO: TRAIN in episode 62 has success rate: 0.00, collision rate: 0.04, nav time: 25.00, total reward: -0.0045
2021-10-08 15:22:17, INFO: TRAIN in episode 63 has success rate: 0.00, collision rate: 0.18, nav time: 25.00, total reward: -0.0202
2021-10-08 15:25:43, INFO: TRAIN in episode 64 has success rate: 0.00, collision rate: 0.12, nav time: 25.00, total reward: -0.0114
2021-10-08 15:29:03, INFO: TRAIN in episode 65 has success rate: 0.00, collision rate: 0.08, nav time: 25.00, total reward: -0.0081
2021-10-08 15:32:15, INFO: TRAIN in episode 66 has success rate: 0.00, collision rate: 0.12, nav time: 25.00, total reward: -0.0220
2021-10-08 15:35:35, INFO: TRAIN in episode 67 has success rate: 0.00, collision rate: 0.08, nav time: 25.00, total reward: -0.0070
2021-10-08 15:38:45, INFO: TRAIN in episode 68 has success rate: 0.00, collision rate: 0.14, nav time: 25.00, total reward: -0.0196
2021-10-08 15:42:02, INFO: TRAIN in episode 69 has success rate: 0.00, collision rate: 0.14, nav time: 25.00, total reward: -0.0117
2021-10-08 15:45:26, INFO: TRAIN in episode 70 has success rate: 0.00, collision rate: 0.06, nav time: 25.00, total reward: -0.0054
2021-10-08 15:48:35, INFO: TRAIN in episode 71 has success rate: 0.00, collision rate: 0.12, nav time: 25.00, total reward: -0.0130
2021-10-08 15:51:49, INFO: TRAIN in episode 72 has success rate: 0.00, collision rate: 0.08, nav time: 25.00, total reward: -0.0096
2021-10-08 15:55:07, INFO: TRAIN in episode 73 has success rate: 0.00, collision rate: 0.08, nav time: 25.00, total reward: -0.0077
2021-10-08 15:58:29, INFO: TRAIN in episode 74 has success rate: 0.00, collision rate: 0.08, nav time: 25.00, total reward: -0.0106
2021-10-08 16:01:47, INFO: TRAIN in episode 75 has success rate: 0.00, collision rate: 0.10, nav time: 25.00, total reward: -0.0186
2021-10-08 16:05:02, INFO: TRAIN in episode 76 has success rate: 0.00, collision rate: 0.12, nav time: 25.00, total reward: -0.0134
2021-10-08 16:08:24, INFO: TRAIN in episode 77 has success rate: 0.00, collision rate: 0.06, nav time: 25.00, total reward: -0.0100
2021-10-08 16:11:36, INFO: TRAIN in episode 78 has success rate: 0.00, collision rate: 0.16, nav time: 25.00, total reward: -0.0202
2021-10-08 16:14:46, INFO: TRAIN in episode 79 has success rate: 0.00, collision rate: 0.10, nav time: 25.00, total reward: -0.0130
2021-10-08 16:17:51, INFO: TRAIN in episode 80 has success rate: 0.00, collision rate: 0.22, nav time: 25.00, total reward: -0.0268
2021-10-08 16:20:58, INFO: TRAIN in episode 81 has success rate: 0.00, collision rate: 0.16, nav time: 25.00, total reward: -0.0229
2021-10-08 16:24:13, INFO: TRAIN in episode 82 has success rate: 0.00, collision rate: 0.14, nav time: 25.00, total reward: -0.0131
2021-10-08 16:27:29, INFO: TRAIN in episode 83 has success rate: 0.00, collision rate: 0.12, nav time: 25.00, total reward: -0.0137
2021-10-08 16:30:50, INFO: TRAIN in episode 84 has success rate: 0.00, collision rate: 0.04, nav time: 25.00, total reward: -0.0061
2021-10-08 16:34:08, INFO: TRAIN in episode 85 has success rate: 0.00, collision rate: 0.14, nav time: 25.00, total reward: -0.0131
2021-10-08 16:37:27, INFO: TRAIN in episode 86 has success rate: 0.00, collision rate: 0.14, nav time: 25.00, total reward: -0.0151
2021-10-08 16:40:46, INFO: TRAIN in episode 87 has success rate: 0.00, collision rate: 0.10, nav time: 25.00, total reward: -0.0090
2021-10-08 16:44:05, INFO: TRAIN in episode 88 has success rate: 0.00, collision rate: 0.12, nav time: 25.00, total reward: -0.0168
2021-10-08 16:47:35, INFO: TRAIN in episode 89 has success rate: 0.00, collision rate: 0.08, nav time: 25.00, total reward: -0.0083
2021-10-08 16:51:01, INFO: TRAIN in episode 90 has success rate: 0.00, collision rate: 0.04, nav time: 25.00, total reward: -0.0091
2021-10-08 16:54:24, INFO: TRAIN in episode 91 has success rate: 0.00, collision rate: 0.06, nav time: 25.00, total reward: -0.0072
2021-10-08 16:57:39, INFO: TRAIN in episode 92 has success rate: 0.00, collision rate: 0.12, nav time: 25.00, total reward: -0.0106
2021-10-08 17:01:00, INFO: TRAIN in episode 93 has success rate: 0.00, collision rate: 0.14, nav time: 25.00, total reward: -0.0171
2021-10-08 17:04:20, INFO: TRAIN in episode 94 has success rate: 0.00, collision rate: 0.10, nav time: 25.00, total reward: -0.0121
2021-10-08 17:07:41, INFO: TRAIN in episode 95 has success rate: 0.00, collision rate: 0.06, nav time: 25.00, total reward: -0.0104
2021-10-08 17:10:54, INFO: TRAIN in episode 96 has success rate: 0.00, collision rate: 0.14, nav time: 25.00, total reward: -0.0198
2021-10-08 17:14:10, INFO: TRAIN in episode 97 has success rate: 0.00, collision rate: 0.12, nav time: 25.00, total reward: -0.0154
2021-10-08 17:17:29, INFO: TRAIN in episode 98 has success rate: 0.00, collision rate: 0.10, nav time: 25.00, total reward: -0.0082
2021-10-08 17:20:40, INFO: TRAIN in episode 99 has success rate: 0.00, collision rate: 0.14, nav time: 25.00, total reward: -0.0154
2021-10-08 17:23:58, INFO: TRAIN in episode 100 has success rate: 0.00, collision rate: 0.16, nav time: 25.00, total reward: -0.0154
2021-10-08 17:27:17, INFO: TRAIN in episode 101 has success rate: 0.00, collision rate: 0.06, nav time: 25.00, total reward: -0.0090
2021-10-08 17:30:40, INFO: TRAIN in episode 102 has success rate: 0.00, collision rate: 0.08, nav time: 25.00, total reward: -0.0073
2021-10-08 17:33:51, INFO: TRAIN in episode 103 has success rate: 0.00, collision rate: 0.16, nav time: 25.00, total reward: -0.0151
2021-10-08 17:37:04, INFO: TRAIN in episode 104 has success rate: 0.00, collision rate: 0.14, nav time: 25.00, total reward: -0.0193
2021-10-08 17:40:16, INFO: TRAIN in episode 105 has success rate: 0.00, collision rate: 0.16, nav time: 25.00, total reward: -0.0222
2021-10-08 17:43:30, INFO: TRAIN in episode 106 has success rate: 0.00, collision rate: 0.18, nav time: 25.00, total reward: -0.0175
2021-10-08 17:46:56, INFO: TRAIN in episode 107 has success rate: 0.00, collision rate: 0.08, nav time: 25.00, total reward: -0.0059
2021-10-08 17:50:13, INFO: TRAIN in episode 108 has success rate: 0.00, collision rate: 0.08, nav time: 25.00, total reward: -0.0084
2021-10-08 17:53:31, INFO: TRAIN in episode 109 has success rate: 0.00, collision rate: 0.12, nav time: 25.00, total reward: -0.0132
2021-10-08 17:56:59, INFO: TRAIN in episode 110 has success rate: 0.00, collision rate: 0.08, nav time: 25.00, total reward: -0.0111
2021-10-08 18:00:18, INFO: TRAIN in episode 111 has success rate: 0.00, collision rate: 0.08, nav time: 25.00, total reward: -0.0083
2021-10-08 18:03:42, INFO: TRAIN in episode 112 has success rate: 0.00, collision rate: 0.10, nav time: 25.00, total reward: -0.0102
2021-10-08 18:07:08, INFO: TRAIN in episode 113 has success rate: 0.00, collision rate: 0.12, nav time: 25.00, total reward: -0.0146
2021-10-08 18:10:22, INFO: TRAIN in episode 114 has success rate: 0.00, collision rate: 0.10, nav time: 25.00, total reward: -0.0119
2021-10-08 18:13:37, INFO: TRAIN in episode 115 has success rate: 0.00, collision rate: 0.08, nav time: 25.00, total reward: -0.0078
2021-10-08 18:16:51, INFO: TRAIN in episode 116 has success rate: 0.00, collision rate: 0.14, nav time: 25.00, total reward: -0.0138
2021-10-08 18:20:12, INFO: TRAIN in episode 117 has success rate: 0.00, collision rate: 0.10, nav time: 25.00, total reward: -0.0110
2021-10-08 18:23:29, INFO: TRAIN in episode 118 has success rate: 0.00, collision rate: 0.12, nav time: 25.00, total reward: -0.0097
2021-10-08 18:26:33, INFO: TRAIN in episode 119 has success rate: 0.00, collision rate: 0.18, nav time: 25.00, total reward: -0.0231
2021-10-08 18:29:55, INFO: TRAIN in episode 120 has success rate: 0.00, collision rate: 0.06, nav time: 25.00, total reward: -0.0085
2021-10-08 18:33:24, INFO: TRAIN in episode 121 has success rate: 0.00, collision rate: 0.04, nav time: 25.00, total reward: -0.0034
2021-10-08 18:36:43, INFO: TRAIN in episode 122 has success rate: 0.00, collision rate: 0.12, nav time: 25.00, total reward: -0.0124
2021-10-08 18:40:00, INFO: TRAIN in episode 123 has success rate: 0.00, collision rate: 0.12, nav time: 25.00, total reward: -0.0162
2021-10-08 18:43:22, INFO: TRAIN in episode 124 has success rate: 0.00, collision rate: 0.16, nav time: 25.00, total reward: -0.0150
2021-10-08 18:46:49, INFO: TRAIN in episode 125 has success rate: 0.00, collision rate: 0.06, nav time: 25.00, total reward: -0.0097
2021-10-08 18:50:03, INFO: TRAIN in episode 126 has success rate: 0.00, collision rate: 0.14, nav time: 25.00, total reward: -0.0155
2021-10-08 18:53:18, INFO: TRAIN in episode 127 has success rate: 0.00, collision rate: 0.18, nav time: 25.00, total reward: -0.0170
2021-10-08 18:56:41, INFO: TRAIN in episode 128 has success rate: 0.00, collision rate: 0.10, nav time: 25.00, total reward: -0.0125
2021-10-08 19:00:05, INFO: TRAIN in episode 129 has success rate: 0.00, collision rate: 0.10, nav time: 25.00, total reward: -0.0113
2021-10-08 19:03:11, INFO: TRAIN in episode 130 has success rate: 0.00, collision rate: 0.20, nav time: 25.00, total reward: -0.0179
2021-10-08 19:06:33, INFO: TRAIN in episode 131 has success rate: 0.00, collision rate: 0.08, nav time: 25.00, total reward: -0.0072
2021-10-08 19:09:27, INFO: TRAIN in episode 132 has success rate: 0.00, collision rate: 0.28, nav time: 25.00, total reward: -0.0283
2021-10-08 19:12:48, INFO: TRAIN in episode 133 has success rate: 0.00, collision rate: 0.14, nav time: 25.00, total reward: -0.0120
2021-10-08 19:16:11, INFO: TRAIN in episode 134 has success rate: 0.00, collision rate: 0.10, nav time: 25.00, total reward: -0.0104
2021-10-08 19:19:33, INFO: TRAIN in episode 135 has success rate: 0.00, collision rate: 0.14, nav time: 25.00, total reward: -0.0120
2021-10-08 19:22:45, INFO: TRAIN in episode 136 has success rate: 0.00, collision rate: 0.18, nav time: 25.00, total reward: -0.0158
2021-10-08 19:26:11, INFO: TRAIN in episode 137 has success rate: 0.00, collision rate: 0.04, nav time: 25.00, total reward: -0.0043
2021-10-08 19:29:49, INFO: TRAIN in episode 138 has success rate: 0.00, collision rate: 0.10, nav time: 25.00, total reward: -0.0128
2021-10-08 19:33:07, INFO: TRAIN in episode 139 has success rate: 0.00, collision rate: 0.12, nav time: 25.00, total reward: -0.0112
2021-10-08 19:36:30, INFO: TRAIN in episode 140 has success rate: 0.00, collision rate: 0.12, nav time: 25.00, total reward: -0.0089
2021-10-08 19:40:11, INFO: TRAIN in episode 141 has success rate: 0.00, collision rate: 0.10, nav time: 25.00, total reward: -0.0093
2021-10-08 19:43:39, INFO: TRAIN in episode 142 has success rate: 0.00, collision rate: 0.12, nav time: 25.00, total reward: -0.0126
2021-10-08 19:47:10, INFO: TRAIN in episode 143 has success rate: 0.00, collision rate: 0.08, nav time: 25.00, total reward: -0.0120
2021-10-08 19:50:25, INFO: TRAIN in episode 144 has success rate: 0.00, collision rate: 0.14, nav time: 25.00, total reward: -0.0215
2021-10-08 19:53:57, INFO: TRAIN in episode 145 has success rate: 0.00, collision rate: 0.04, nav time: 25.00, total reward: -0.0037
2021-10-08 19:57:12, INFO: TRAIN in episode 146 has success rate: 0.00, collision rate: 0.16, nav time: 25.00, total reward: -0.0159
2021-10-08 20:00:33, INFO: TRAIN in episode 147 has success rate: 0.00, collision rate: 0.12, nav time: 25.00, total reward: -0.0130
2021-10-08 20:04:27, INFO: TRAIN in episode 148 has success rate: 0.00, collision rate: 0.02, nav time: 25.00, total reward: -0.0038
2021-10-08 20:07:51, INFO: TRAIN in episode 149 has success rate: 0.00, collision rate: 0.10, nav time: 25.00, total reward: -0.0117
2021-10-08 20:11:18, INFO: TRAIN in episode 150 has success rate: 0.00, collision rate: 0.12, nav time: 25.00, total reward: -0.0144
2021-10-08 20:14:38, INFO: TRAIN in episode 151 has success rate: 0.00, collision rate: 0.06, nav time: 25.00, total reward: -0.0075
2021-10-08 20:18:04, INFO: TRAIN in episode 152 has success rate: 0.00, collision rate: 0.10, nav time: 25.00, total reward: -0.0078
2021-10-08 20:21:40, INFO: TRAIN in episode 153 has success rate: 0.00, collision rate: 0.08, nav time: 25.00, total reward: -0.0101
2021-10-08 20:25:01, INFO: TRAIN in episode 154 has success rate: 0.00, collision rate: 0.14, nav time: 25.00, total reward: -0.0129
2021-10-08 20:28:17, INFO: TRAIN in episode 155 has success rate: 0.00, collision rate: 0.22, nav time: 25.00, total reward: -0.0223
2021-10-08 20:31:39, INFO: TRAIN in episode 156 has success rate: 0.00, collision rate: 0.08, nav time: 25.00, total reward: -0.0096
2021-10-08 20:35:02, INFO: TRAIN in episode 157 has success rate: 0.00, collision rate: 0.06, nav time: 25.00, total reward: -0.0070
2021-10-08 20:38:28, INFO: TRAIN in episode 158 has success rate: 0.00, collision rate: 0.08, nav time: 25.00, total reward: -0.0080
2021-10-08 20:41:50, INFO: TRAIN in episode 159 has success rate: 0.00, collision rate: 0.12, nav time: 25.00, total reward: -0.0100
2021-10-08 20:45:19, INFO: TRAIN in episode 160 has success rate: 0.00, collision rate: 0.20, nav time: 25.00, total reward: -0.0157
2021-10-08 20:48:38, INFO: TRAIN in episode 161 has success rate: 0.00, collision rate: 0.12, nav time: 25.00, total reward: -0.0140
2021-10-08 20:52:12, INFO: TRAIN in episode 162 has success rate: 0.00, collision rate: 0.12, nav time: 25.00, total reward: -0.0126
2021-10-08 20:55:29, INFO: TRAIN in episode 163 has success rate: 0.00, collision rate: 0.12, nav time: 25.00, total reward: -0.0170
2021-10-08 20:58:56, INFO: TRAIN in episode 164 has success rate: 0.00, collision rate: 0.08, nav time: 25.00, total reward: -0.0082
2021-10-08 21:02:19, INFO: TRAIN in episode 165 has success rate: 0.00, collision rate: 0.08, nav time: 25.00, total reward: -0.0137
2021-10-08 21:05:30, INFO: TRAIN in episode 166 has success rate: 0.00, collision rate: 0.18, nav time: 25.00, total reward: -0.0293
2021-10-08 21:08:56, INFO: TRAIN in episode 167 has success rate: 0.00, collision rate: 0.08, nav time: 25.00, total reward: -0.0091
2021-10-08 21:12:30, INFO: TRAIN in episode 168 has success rate: 0.00, collision rate: 0.14, nav time: 25.00, total reward: -0.0134
2021-10-08 21:15:54, INFO: TRAIN in episode 169 has success rate: 0.00, collision rate: 0.08, nav time: 25.00, total reward: -0.0096
2021-10-08 21:18:59, INFO: TRAIN in episode 170 has success rate: 0.00, collision rate: 0.20, nav time: 25.00, total reward: -0.0301
2021-10-08 21:22:23, INFO: TRAIN in episode 171 has success rate: 0.00, collision rate: 0.08, nav time: 25.00, total reward: -0.0071
2021-10-08 21:25:51, INFO: TRAIN in episode 172 has success rate: 0.00, collision rate: 0.06, nav time: 25.00, total reward: -0.0077
2021-10-08 21:29:12, INFO: TRAIN in episode 173 has success rate: 0.00, collision rate: 0.04, nav time: 25.00, total reward: -0.0132
2021-10-08 21:32:34, INFO: TRAIN in episode 174 has success rate: 0.00, collision rate: 0.10, nav time: 25.00, total reward: -0.0114
2021-10-08 21:36:02, INFO: TRAIN in episode 175 has success rate: 0.00, collision rate: 0.08, nav time: 25.00, total reward: -0.0097
2021-10-08 21:39:17, INFO: TRAIN in episode 176 has success rate: 0.00, collision rate: 0.22, nav time: 25.00, total reward: -0.0191
2021-10-08 21:42:40, INFO: TRAIN in episode 177 has success rate: 0.00, collision rate: 0.12, nav time: 25.00, total reward: -0.0114
2021-10-08 21:46:02, INFO: TRAIN in episode 178 has success rate: 0.00, collision rate: 0.06, nav time: 25.00, total reward: -0.0067
2021-10-08 21:49:28, INFO: TRAIN in episode 179 has success rate: 0.00, collision rate: 0.08, nav time: 25.00, total reward: -0.0110
2021-10-08 21:52:39, INFO: TRAIN in episode 180 has success rate: 0.00, collision rate: 0.18, nav time: 25.00, total reward: -0.0286
2021-10-08 21:56:04, INFO: TRAIN in episode 181 has success rate: 0.00, collision rate: 0.06, nav time: 25.00, total reward: -0.0083
2021-10-08 21:59:25, INFO: TRAIN in episode 182 has success rate: 0.00, collision rate: 0.08, nav time: 25.00, total reward: -0.0077
2021-10-08 22:02:49, INFO: TRAIN in episode 183 has success rate: 0.00, collision rate: 0.10, nav time: 25.00, total reward: -0.0100
2021-10-08 22:06:13, INFO: TRAIN in episode 184 has success rate: 0.00, collision rate: 0.10, nav time: 25.00, total reward: -0.0074
2021-10-08 22:09:34, INFO: TRAIN in episode 185 has success rate: 0.00, collision rate: 0.14, nav time: 25.00, total reward: -0.0121
2021-10-08 22:12:54, INFO: TRAIN in episode 186 has success rate: 0.00, collision rate: 0.10, nav time: 25.00, total reward: -0.0106
2021-10-08 22:16:16, INFO: TRAIN in episode 187 has success rate: 0.00, collision rate: 0.14, nav time: 25.00, total reward: -0.0172
2021-10-08 22:19:40, INFO: TRAIN in episode 188 has success rate: 0.00, collision rate: 0.10, nav time: 25.00, total reward: -0.0110
2021-10-08 22:23:05, INFO: TRAIN in episode 189 has success rate: 0.00, collision rate: 0.08, nav time: 25.00, total reward: -0.0093
2021-10-08 22:26:24, INFO: TRAIN in episode 190 has success rate: 0.00, collision rate: 0.14, nav time: 25.00, total reward: -0.0186
2021-10-08 22:29:42, INFO: TRAIN in episode 191 has success rate: 0.00, collision rate: 0.08, nav time: 25.00, total reward: -0.0122
2021-10-08 22:33:08, INFO: TRAIN in episode 192 has success rate: 0.00, collision rate: 0.06, nav time: 25.00, total reward: -0.0077
2021-10-08 22:36:33, INFO: TRAIN in episode 193 has success rate: 0.00, collision rate: 0.10, nav time: 25.00, total reward: -0.0168
2021-10-08 22:40:00, INFO: TRAIN in episode 194 has success rate: 0.00, collision rate: 0.04, nav time: 25.00, total reward: -0.0063
2021-10-08 22:43:11, INFO: TRAIN in episode 195 has success rate: 0.00, collision rate: 0.20, nav time: 25.00, total reward: -0.0190
2021-10-08 22:46:39, INFO: TRAIN in episode 196 has success rate: 0.00, collision rate: 0.06, nav time: 25.00, total reward: -0.0057
2021-10-08 22:49:56, INFO: TRAIN in episode 197 has success rate: 0.00, collision rate: 0.14, nav time: 25.00, total reward: -0.0205
2021-10-08 22:53:28, INFO: TRAIN in episode 198 has success rate: 0.00, collision rate: 0.04, nav time: 25.00, total reward: -0.0067
2021-10-08 22:56:47, INFO: TRAIN in episode 199 has success rate: 0.00, collision rate: 0.06, nav time: 25.00, total reward: -0.0128
2021-10-08 22:59:59, INFO: TRAIN in episode 200 has success rate: 0.00, collision rate: 0.16, nav time: 25.00, total reward: -0.0198
2021-10-08 23:03:21, INFO: TRAIN in episode 201 has success rate: 0.00, collision rate: 0.12, nav time: 25.00, total reward: -0.0178
2021-10-08 23:06:42, INFO: TRAIN in episode 202 has success rate: 0.00, collision rate: 0.06, nav time: 25.00, total reward: -0.0105
2021-10-08 23:10:09, INFO: TRAIN in episode 203 has success rate: 0.00, collision rate: 0.06, nav time: 25.00, total reward: -0.0077
2021-10-08 23:13:25, INFO: TRAIN in episode 204 has success rate: 0.00, collision rate: 0.14, nav time: 25.00, total reward: -0.0160
2021-10-08 23:16:46, INFO: TRAIN in episode 205 has success rate: 0.00, collision rate: 0.12, nav time: 25.00, total reward: -0.0128
2021-10-08 23:19:54, INFO: TRAIN in episode 206 has success rate: 0.00, collision rate: 0.20, nav time: 25.00, total reward: -0.0244
2021-10-08 23:23:18, INFO: TRAIN in episode 207 has success rate: 0.00, collision rate: 0.08, nav time: 25.00, total reward: -0.0081
2021-10-08 23:26:42, INFO: TRAIN in episode 208 has success rate: 0.00, collision rate: 0.12, nav time: 25.00, total reward: -0.0107
2021-10-08 23:30:01, INFO: TRAIN in episode 209 has success rate: 0.00, collision rate: 0.16, nav time: 25.00, total reward: -0.0204
2021-10-08 23:33:30, INFO: TRAIN in episode 210 has success rate: 0.00, collision rate: 0.12, nav time: 25.00, total reward: -0.0091
2021-10-08 23:36:44, INFO: TRAIN in episode 211 has success rate: 0.00, collision rate: 0.14, nav time: 25.00, total reward: -0.0220
2021-10-08 23:40:03, INFO: TRAIN in episode 212 has success rate: 0.00, collision rate: 0.04, nav time: 25.00, total reward: -0.0076
2021-10-08 23:43:26, INFO: TRAIN in episode 213 has success rate: 0.00, collision rate: 0.10, nav time: 25.00, total reward: -0.0105
2021-10-08 23:46:53, INFO: TRAIN in episode 214 has success rate: 0.00, collision rate: 0.08, nav time: 25.00, total reward: -0.0070
2021-10-08 23:50:15, INFO: TRAIN in episode 215 has success rate: 0.00, collision rate: 0.14, nav time: 25.00, total reward: -0.0148
2021-10-08 23:53:43, INFO: TRAIN in episode 216 has success rate: 0.00, collision rate: 0.12, nav time: 25.00, total reward: -0.0125
2021-10-08 23:57:03, INFO: TRAIN in episode 217 has success rate: 0.00, collision rate: 0.12, nav time: 25.00, total reward: -0.0094
2021-10-09 00:00:29, INFO: TRAIN in episode 218 has success rate: 0.00, collision rate: 0.14, nav time: 25.00, total reward: -0.0122
2021-10-09 00:03:54, INFO: TRAIN in episode 219 has success rate: 0.00, collision rate: 0.14, nav time: 25.00, total reward: -0.0154
2021-10-09 00:07:35, INFO: TRAIN in episode 220 has success rate: 0.00, collision rate: 0.06, nav time: 25.00, total reward: -0.0064
2021-10-09 00:11:21, INFO: TRAIN in episode 221 has success rate: 0.00, collision rate: 0.00, nav time: 25.00, total reward: -0.0034
2021-10-09 00:14:54, INFO: TRAIN in episode 222 has success rate: 0.00, collision rate: 0.12, nav time: 25.00, total reward: -0.0110
2021-10-09 00:18:32, INFO: TRAIN in episode 223 has success rate: 0.00, collision rate: 0.12, nav time: 25.00, total reward: -0.0151
2021-10-09 00:22:18, INFO: TRAIN in episode 224 has success rate: 0.00, collision rate: 0.10, nav time: 25.00, total reward: -0.0108
2021-10-09 00:25:51, INFO: TRAIN in episode 225 has success rate: 0.00, collision rate: 0.10, nav time: 25.00, total reward: -0.0173
2021-10-09 00:29:30, INFO: TRAIN in episode 226 has success rate: 0.00, collision rate: 0.10, nav time: 25.00, total reward: -0.0097
2021-10-09 00:33:16, INFO: TRAIN in episode 227 has success rate: 0.00, collision rate: 0.08, nav time: 25.00, total reward: -0.0087
2021-10-09 00:37:06, INFO: TRAIN in episode 228 has success rate: 0.00, collision rate: 0.06, nav time: 25.00, total reward: -0.0065
2021-10-09 00:40:31, INFO: TRAIN in episode 229 has success rate: 0.00, collision rate: 0.16, nav time: 25.00, total reward: -0.0191
2021-10-09 00:43:54, INFO: TRAIN in episode 230 has success rate: 0.00, collision rate: 0.10, nav time: 25.00, total reward: -0.0070
2021-10-09 00:47:14, INFO: TRAIN in episode 231 has success rate: 0.00, collision rate: 0.12, nav time: 25.00, total reward: -0.0153
2021-10-09 00:50:52, INFO: TRAIN in episode 232 has success rate: 0.00, collision rate: 0.06, nav time: 25.00, total reward: -0.0075
2021-10-09 00:54:17, INFO: TRAIN in episode 233 has success rate: 0.00, collision rate: 0.10, nav time: 25.00, total reward: -0.0090
2021-10-09 00:57:41, INFO: TRAIN in episode 234 has success rate: 0.00, collision rate: 0.12, nav time: 25.00, total reward: -0.0128
2021-10-09 01:01:12, INFO: TRAIN in episode 235 has success rate: 0.00, collision rate: 0.06, nav time: 25.00, total reward: -0.0052
2021-10-09 01:04:47, INFO: TRAIN in episode 236 has success rate: 0.00, collision rate: 0.14, nav time: 25.00, total reward: -0.0139
2021-10-09 01:08:28, INFO: TRAIN in episode 237 has success rate: 0.00, collision rate: 0.06, nav time: 25.00, total reward: -0.0069
2021-10-09 01:12:01, INFO: TRAIN in episode 238 has success rate: 0.00, collision rate: 0.14, nav time: 25.00, total reward: -0.0178
2021-10-09 01:15:19, INFO: TRAIN in episode 239 has success rate: 0.00, collision rate: 0.16, nav time: 25.00, total reward: -0.0203
2021-10-09 01:18:46, INFO: TRAIN in episode 240 has success rate: 0.00, collision rate: 0.06, nav time: 25.00, total reward: -0.0074
2021-10-09 01:22:13, INFO: TRAIN in episode 241 has success rate: 0.00, collision rate: 0.08, nav time: 25.00, total reward: -0.0098
2021-10-09 01:25:36, INFO: TRAIN in episode 242 has success rate: 0.00, collision rate: 0.14, nav time: 25.00, total reward: -0.0204
2021-10-09 01:29:00, INFO: TRAIN in episode 243 has success rate: 0.00, collision rate: 0.16, nav time: 25.00, total reward: -0.0205
2021-10-09 01:32:25, INFO: TRAIN in episode 244 has success rate: 0.00, collision rate: 0.14, nav time: 25.00, total reward: -0.0165
2021-10-09 01:36:05, INFO: TRAIN in episode 245 has success rate: 0.00, collision rate: 0.00, nav time: 25.00, total reward: -0.0018
2021-10-09 01:39:27, INFO: TRAIN in episode 246 has success rate: 0.00, collision rate: 0.14, nav time: 25.00, total reward: -0.0174
2021-10-09 01:42:54, INFO: TRAIN in episode 247 has success rate: 0.00, collision rate: 0.08, nav time: 25.00, total reward: -0.0132
2021-10-09 01:46:30, INFO: TRAIN in episode 248 has success rate: 0.00, collision rate: 0.08, nav time: 25.00, total reward: -0.0075
2021-10-09 01:50:00, INFO: TRAIN in episode 249 has success rate: 0.00, collision rate: 0.04, nav time: 25.00, total reward: -0.0065
2021-10-09 01:53:28, INFO: TRAIN in episode 250 has success rate: 0.00, collision rate: 0.14, nav time: 25.00, total reward: -0.0137
2021-10-09 01:56:49, INFO: TRAIN in episode 251 has success rate: 0.00, collision rate: 0.14, nav time: 25.00, total reward: -0.0187
2021-10-09 02:00:10, INFO: TRAIN in episode 252 has success rate: 0.00, collision rate: 0.14, nav time: 25.00, total reward: -0.0161
2021-10-09 02:03:45, INFO: TRAIN in episode 253 has success rate: 0.00, collision rate: 0.06, nav time: 25.00, total reward: -0.0060
2021-10-09 02:07:12, INFO: TRAIN in episode 254 has success rate: 0.00, collision rate: 0.08, nav time: 25.00, total reward: -0.0088
2021-10-09 02:10:28, INFO: TRAIN in episode 255 has success rate: 0.00, collision rate: 0.12, nav time: 25.00, total reward: -0.0123
2021-10-09 02:13:46, INFO: TRAIN in episode 256 has success rate: 0.00, collision rate: 0.12, nav time: 25.00, total reward: -0.0155
2021-10-09 02:17:10, INFO: TRAIN in episode 257 has success rate: 0.00, collision rate: 0.10, nav time: 25.00, total reward: -0.0110
2021-10-09 02:20:31, INFO: TRAIN in episode 258 has success rate: 0.00, collision rate: 0.14, nav time: 25.00, total reward: -0.0159
2021-10-09 02:24:01, INFO: TRAIN in episode 259 has success rate: 0.00, collision rate: 0.08, nav time: 25.00, total reward: -0.0126
2021-10-09 02:27:15, INFO: TRAIN in episode 260 has success rate: 0.00, collision rate: 0.24, nav time: 25.00, total reward: -0.0169
2021-10-09 02:30:41, INFO: TRAIN in episode 261 has success rate: 0.00, collision rate: 0.12, nav time: 25.00, total reward: -0.0117
2021-10-09 02:34:00, INFO: TRAIN in episode 262 has success rate: 0.00, collision rate: 0.16, nav time: 25.00, total reward: -0.0190
2021-10-09 02:37:32, INFO: TRAIN in episode 263 has success rate: 0.00, collision rate: 0.06, nav time: 25.00, total reward: -0.0079
2021-10-09 02:40:44, INFO: TRAIN in episode 264 has success rate: 0.00, collision rate: 0.20, nav time: 25.00, total reward: -0.0281
2021-10-09 02:44:03, INFO: TRAIN in episode 265 has success rate: 0.00, collision rate: 0.12, nav time: 25.00, total reward: -0.0115
2021-10-09 02:47:14, INFO: TRAIN in episode 266 has success rate: 0.00, collision rate: 0.20, nav time: 25.00, total reward: -0.0256
2021-10-09 02:50:38, INFO: TRAIN in episode 267 has success rate: 0.00, collision rate: 0.12, nav time: 25.00, total reward: -0.0101
2021-10-09 02:54:05, INFO: TRAIN in episode 268 has success rate: 0.00, collision rate: 0.12, nav time: 25.00, total reward: -0.0125
2021-10-09 02:57:36, INFO: TRAIN in episode 269 has success rate: 0.00, collision rate: 0.08, nav time: 25.00, total reward: -0.0100
2021-10-09 03:01:05, INFO: TRAIN in episode 270 has success rate: 0.00, collision rate: 0.14, nav time: 25.00, total reward: -0.0118
2021-10-09 03:04:29, INFO: TRAIN in episode 271 has success rate: 0.00, collision rate: 0.12, nav time: 25.00, total reward: -0.0141
2021-10-09 03:07:52, INFO: TRAIN in episode 272 has success rate: 0.00, collision rate: 0.14, nav time: 25.00, total reward: -0.0129
2021-10-09 03:11:14, INFO: TRAIN in episode 273 has success rate: 0.00, collision rate: 0.12, nav time: 25.00, total reward: -0.0118
2021-10-09 03:14:28, INFO: TRAIN in episode 274 has success rate: 0.00, collision rate: 0.20, nav time: 25.00, total reward: -0.0187
2021-10-09 03:17:52, INFO: TRAIN in episode 275 has success rate: 0.00, collision rate: 0.12, nav time: 25.00, total reward: -0.0164
2021-10-09 03:21:19, INFO: TRAIN in episode 276 has success rate: 0.00, collision rate: 0.08, nav time: 25.00, total reward: -0.0096
2021-10-09 03:24:42, INFO: TRAIN in episode 277 has success rate: 0.00, collision rate: 0.14, nav time: 25.00, total reward: -0.0128
2021-10-09 03:28:13, INFO: TRAIN in episode 278 has success rate: 0.00, collision rate: 0.06, nav time: 25.00, total reward: -0.0092
2021-10-09 03:31:41, INFO: TRAIN in episode 279 has success rate: 0.00, collision rate: 0.14, nav time: 25.00, total reward: -0.0115
2021-10-09 03:35:08, INFO: TRAIN in episode 280 has success rate: 0.00, collision rate: 0.12, nav time: 25.00, total reward: -0.0123
2021-10-09 03:38:40, INFO: TRAIN in episode 281 has success rate: 0.00, collision rate: 0.02, nav time: 25.00, total reward: -0.0086
2021-10-09 03:42:08, INFO: TRAIN in episode 282 has success rate: 0.00, collision rate: 0.20, nav time: 25.00, total reward: -0.0256
2021-10-09 03:45:39, INFO: TRAIN in episode 283 has success rate: 0.00, collision rate: 0.08, nav time: 25.00, total reward: -0.0089
2021-10-09 03:49:06, INFO: TRAIN in episode 284 has success rate: 0.00, collision rate: 0.12, nav time: 25.00, total reward: -0.0133
2021-10-09 03:52:36, INFO: TRAIN in episode 285 has success rate: 0.00, collision rate: 0.14, nav time: 25.00, total reward: -0.0144
2021-10-09 03:56:05, INFO: TRAIN in episode 286 has success rate: 0.00, collision rate: 0.06, nav time: 25.00, total reward: -0.0077
2021-10-09 03:59:31, INFO: TRAIN in episode 287 has success rate: 0.00, collision rate: 0.16, nav time: 25.00, total reward: -0.0133
2021-10-09 04:02:54, INFO: TRAIN in episode 288 has success rate: 0.00, collision rate: 0.12, nav time: 25.00, total reward: -0.0146
2021-10-09 04:06:12, INFO: TRAIN in episode 289 has success rate: 0.00, collision rate: 0.12, nav time: 25.00, total reward: -0.0176
2021-10-09 04:09:35, INFO: TRAIN in episode 290 has success rate: 0.00, collision rate: 0.14, nav time: 25.00, total reward: -0.0178
2021-10-09 04:13:07, INFO: TRAIN in episode 291 has success rate: 0.00, collision rate: 0.12, nav time: 25.00, total reward: -0.0109
2021-10-09 04:16:43, INFO: TRAIN in episode 292 has success rate: 0.00, collision rate: 0.08, nav time: 25.00, total reward: -0.0048
2021-10-09 04:20:13, INFO: TRAIN in episode 293 has success rate: 0.00, collision rate: 0.08, nav time: 25.00, total reward: -0.0124
2021-10-09 04:23:41, INFO: TRAIN in episode 294 has success rate: 0.00, collision rate: 0.08, nav time: 25.00, total reward: -0.0064
2021-10-09 04:27:12, INFO: TRAIN in episode 295 has success rate: 0.00, collision rate: 0.08, nav time: 25.00, total reward: -0.0116
2021-10-09 04:30:41, INFO: TRAIN in episode 296 has success rate: 0.00, collision rate: 0.12, nav time: 25.00, total reward: -0.0115
2021-10-09 04:34:10, INFO: TRAIN in episode 297 has success rate: 0.00, collision rate: 0.10, nav time: 25.00, total reward: -0.0070
2021-10-09 04:37:32, INFO: TRAIN in episode 298 has success rate: 0.00, collision rate: 0.10, nav time: 25.00, total reward: -0.0113
2021-10-09 04:40:57, INFO: TRAIN in episode 299 has success rate: 0.00, collision rate: 0.12, nav time: 25.00, total reward: -0.0142
2021-10-09 04:44:26, INFO: TRAIN in episode 300 has success rate: 0.00, collision rate: 0.10, nav time: 25.00, total reward: -0.0084
2021-10-09 04:47:54, INFO: TRAIN in episode 301 has success rate: 0.00, collision rate: 0.12, nav time: 25.00, total reward: -0.0160
2021-10-09 04:51:06, INFO: TRAIN in episode 302 has success rate: 0.00, collision rate: 0.14, nav time: 25.00, total reward: -0.0257
2021-10-09 04:54:22, INFO: TRAIN in episode 303 has success rate: 0.00, collision rate: 0.18, nav time: 25.00, total reward: -0.0223
2021-10-09 04:57:48, INFO: TRAIN in episode 304 has success rate: 0.00, collision rate: 0.14, nav time: 25.00, total reward: -0.0136
2021-10-09 05:01:18, INFO: TRAIN in episode 305 has success rate: 0.00, collision rate: 0.04, nav time: 25.00, total reward: -0.0079
2021-10-09 05:04:43, INFO: TRAIN in episode 306 has success rate: 0.00, collision rate: 0.06, nav time: 25.00, total reward: -0.0068
2021-10-09 05:08:14, INFO: TRAIN in episode 307 has success rate: 0.00, collision rate: 0.04, nav time: 25.00, total reward: -0.0057
2021-10-09 05:11:40, INFO: TRAIN in episode 308 has success rate: 0.00, collision rate: 0.08, nav time: 25.00, total reward: -0.0126
2021-10-09 05:15:11, INFO: TRAIN in episode 309 has success rate: 0.00, collision rate: 0.04, nav time: 25.00, total reward: -0.0063
2021-10-09 05:18:38, INFO: TRAIN in episode 310 has success rate: 0.00, collision rate: 0.08, nav time: 25.00, total reward: -0.0102
2021-10-09 05:22:01, INFO: TRAIN in episode 311 has success rate: 0.00, collision rate: 0.14, nav time: 25.00, total reward: -0.0188
2021-10-09 05:25:25, INFO: TRAIN in episode 312 has success rate: 0.00, collision rate: 0.12, nav time: 25.00, total reward: -0.0124
2021-10-09 05:28:50, INFO: TRAIN in episode 313 has success rate: 0.00, collision rate: 0.12, nav time: 25.00, total reward: -0.0173
2021-10-09 05:32:15, INFO: TRAIN in episode 314 has success rate: 0.00, collision rate: 0.14, nav time: 25.00, total reward: -0.0168
2021-10-09 05:35:47, INFO: TRAIN in episode 315 has success rate: 0.00, collision rate: 0.10, nav time: 25.00, total reward: -0.0121
2021-10-09 05:39:14, INFO: TRAIN in episode 316 has success rate: 0.00, collision rate: 0.10, nav time: 25.00, total reward: -0.0146
2021-10-09 05:42:20, INFO: TRAIN in episode 317 has success rate: 0.00, collision rate: 0.26, nav time: 25.00, total reward: -0.0322
2021-10-09 05:45:49, INFO: TRAIN in episode 318 has success rate: 0.00, collision rate: 0.10, nav time: 25.00, total reward: -0.0074
2021-10-09 05:49:21, INFO: TRAIN in episode 319 has success rate: 0.00, collision rate: 0.06, nav time: 25.00, total reward: -0.0104
2021-10-09 05:52:46, INFO: TRAIN in episode 320 has success rate: 0.00, collision rate: 0.12, nav time: 25.00, total reward: -0.0127
2021-10-09 05:56:05, INFO: TRAIN in episode 321 has success rate: 0.00, collision rate: 0.16, nav time: 25.00, total reward: -0.0165
2021-10-09 05:59:39, INFO: TRAIN in episode 322 has success rate: 0.00, collision rate: 0.10, nav time: 25.00, total reward: -0.0093
2021-10-09 06:03:08, INFO: TRAIN in episode 323 has success rate: 0.00, collision rate: 0.04, nav time: 25.00, total reward: -0.0078
2021-10-09 06:06:46, INFO: TRAIN in episode 324 has success rate: 0.00, collision rate: 0.04, nav time: 25.00, total reward: -0.0066
2021-10-09 06:10:16, INFO: TRAIN in episode 325 has success rate: 0.00, collision rate: 0.04, nav time: 25.00, total reward: -0.0063
2021-10-09 06:13:41, INFO: TRAIN in episode 326 has success rate: 0.00, collision rate: 0.08, nav time: 25.00, total reward: -0.0124
2021-10-09 06:17:02, INFO: TRAIN in episode 327 has success rate: 0.00, collision rate: 0.18, nav time: 25.00, total reward: -0.0186
2021-10-09 06:20:24, INFO: TRAIN in episode 328 has success rate: 0.00, collision rate: 0.08, nav time: 25.00, total reward: -0.0092
2021-10-09 06:23:57, INFO: TRAIN in episode 329 has success rate: 0.00, collision rate: 0.10, nav time: 25.00, total reward: -0.0073
2021-10-09 06:27:29, INFO: TRAIN in episode 330 has success rate: 0.00, collision rate: 0.06, nav time: 25.00, total reward: -0.0071
2021-10-09 06:30:51, INFO: TRAIN in episode 331 has success rate: 0.00, collision rate: 0.20, nav time: 25.00, total reward: -0.0231
2021-10-09 06:34:16, INFO: TRAIN in episode 332 has success rate: 0.00, collision rate: 0.06, nav time: 25.00, total reward: -0.0093
2021-10-09 06:37:44, INFO: TRAIN in episode 333 has success rate: 0.00, collision rate: 0.10, nav time: 25.00, total reward: -0.0135
2021-10-09 06:40:58, INFO: TRAIN in episode 334 has success rate: 0.00, collision rate: 0.20, nav time: 25.00, total reward: -0.0299
2021-10-09 06:44:26, INFO: TRAIN in episode 335 has success rate: 0.00, collision rate: 0.08, nav time: 25.00, total reward: -0.0093
2021-10-09 06:47:59, INFO: TRAIN in episode 336 has success rate: 0.00, collision rate: 0.04, nav time: 25.00, total reward: -0.0047
2021-10-09 06:51:30, INFO: TRAIN in episode 337 has success rate: 0.00, collision rate: 0.14, nav time: 25.00, total reward: -0.0105
2021-10-09 06:55:01, INFO: TRAIN in episode 338 has success rate: 0.00, collision rate: 0.06, nav time: 25.00, total reward: -0.0079
2021-10-09 06:58:17, INFO: TRAIN in episode 339 has success rate: 0.00, collision rate: 0.16, nav time: 25.00, total reward: -0.0251
2021-10-09 07:01:48, INFO: TRAIN in episode 340 has success rate: 0.00, collision rate: 0.08, nav time: 25.00, total reward: -0.0120
2021-10-09 07:05:16, INFO: TRAIN in episode 341 has success rate: 0.00, collision rate: 0.14, nav time: 25.00, total reward: -0.0143
2021-10-09 07:08:44, INFO: TRAIN in episode 342 has success rate: 0.00, collision rate: 0.12, nav time: 25.00, total reward: -0.0085
2021-10-09 07:12:14, INFO: TRAIN in episode 343 has success rate: 0.00, collision rate: 0.14, nav time: 25.00, total reward: -0.0101
2021-10-09 07:15:37, INFO: TRAIN in episode 344 has success rate: 0.00, collision rate: 0.14, nav time: 25.00, total reward: -0.0137
2021-10-09 07:19:03, INFO: TRAIN in episode 345 has success rate: 0.00, collision rate: 0.06, nav time: 25.00, total reward: -0.0094
2021-10-09 07:22:34, INFO: TRAIN in episode 346 has success rate: 0.00, collision rate: 0.08, nav time: 25.00, total reward: -0.0078
2021-10-09 07:26:09, INFO: TRAIN in episode 347 has success rate: 0.00, collision rate: 0.08, nav time: 25.00, total reward: -0.0075
2021-10-09 07:29:28, INFO: TRAIN in episode 348 has success rate: 0.00, collision rate: 0.16, nav time: 25.00, total reward: -0.0149
2021-10-09 07:33:01, INFO: TRAIN in episode 349 has success rate: 0.00, collision rate: 0.08, nav time: 25.00, total reward: -0.0079
2021-10-09 07:36:27, INFO: TRAIN in episode 350 has success rate: 0.00, collision rate: 0.08, nav time: 25.00, total reward: -0.0062
2021-10-09 07:39:59, INFO: TRAIN in episode 351 has success rate: 0.00, collision rate: 0.08, nav time: 25.00, total reward: -0.0094
2021-10-09 07:43:25, INFO: TRAIN in episode 352 has success rate: 0.00, collision rate: 0.14, nav time: 25.00, total reward: -0.0150
2021-10-09 07:46:50, INFO: TRAIN in episode 353 has success rate: 0.00, collision rate: 0.16, nav time: 25.00, total reward: -0.0144
2021-10-09 07:50:27, INFO: TRAIN in episode 354 has success rate: 0.00, collision rate: 0.02, nav time: 25.00, total reward: -0.0037
2021-10-09 07:53:57, INFO: TRAIN in episode 355 has success rate: 0.00, collision rate: 0.10, nav time: 25.00, total reward: -0.0114
2021-10-09 07:57:36, INFO: TRAIN in episode 356 has success rate: 0.00, collision rate: 0.06, nav time: 25.00, total reward: -0.0053
2021-10-09 08:01:06, INFO: TRAIN in episode 357 has success rate: 0.00, collision rate: 0.10, nav time: 25.00, total reward: -0.0114
2021-10-09 08:04:36, INFO: TRAIN in episode 358 has success rate: 0.00, collision rate: 0.12, nav time: 25.00, total reward: -0.0100
2021-10-09 08:08:20, INFO: TRAIN in episode 359 has success rate: 0.00, collision rate: 0.08, nav time: 25.00, total reward: -0.0100
2021-10-09 08:11:45, INFO: TRAIN in episode 360 has success rate: 0.00, collision rate: 0.12, nav time: 25.00, total reward: -0.0126
2021-10-09 08:15:11, INFO: TRAIN in episode 361 has success rate: 0.00, collision rate: 0.18, nav time: 25.00, total reward: -0.0179
2021-10-09 08:19:01, INFO: TRAIN in episode 362 has success rate: 0.00, collision rate: 0.08, nav time: 25.00, total reward: -0.0087
2021-10-09 08:22:21, INFO: TRAIN in episode 363 has success rate: 0.00, collision rate: 0.20, nav time: 25.00, total reward: -0.0219
2021-10-09 08:25:45, INFO: TRAIN in episode 364 has success rate: 0.00, collision rate: 0.14, nav time: 25.00, total reward: -0.0136
2021-10-09 08:29:16, INFO: TRAIN in episode 365 has success rate: 0.00, collision rate: 0.06, nav time: 25.00, total reward: -0.0088
2021-10-09 08:32:49, INFO: TRAIN in episode 366 has success rate: 0.00, collision rate: 0.10, nav time: 25.00, total reward: -0.0078
2021-10-09 08:36:25, INFO: TRAIN in episode 367 has success rate: 0.00, collision rate: 0.06, nav time: 25.00, total reward: -0.0063
2021-10-09 08:39:49, INFO: TRAIN in episode 368 has success rate: 0.00, collision rate: 0.10, nav time: 25.00, total reward: -0.0136
2021-10-09 08:43:14, INFO: TRAIN in episode 369 has success rate: 0.00, collision rate: 0.16, nav time: 25.00, total reward: -0.0171
2021-10-09 08:46:32, INFO: TRAIN in episode 370 has success rate: 0.00, collision rate: 0.22, nav time: 25.00, total reward: -0.0191
2021-10-09 08:49:56, INFO: TRAIN in episode 371 has success rate: 0.00, collision rate: 0.18, nav time: 25.00, total reward: -0.0228
2021-10-09 08:53:31, INFO: TRAIN in episode 372 has success rate: 0.00, collision rate: 0.06, nav time: 25.00, total reward: -0.0075
2021-10-09 08:57:05, INFO: TRAIN in episode 373 has success rate: 0.00, collision rate: 0.06, nav time: 25.00, total reward: -0.0110
2021-10-09 09:00:34, INFO: TRAIN in episode 374 has success rate: 0.00, collision rate: 0.10, nav time: 25.00, total reward: -0.0073
2021-10-09 09:04:03, INFO: TRAIN in episode 375 has success rate: 0.00, collision rate: 0.16, nav time: 25.00, total reward: -0.0220
2021-10-09 09:07:31, INFO: TRAIN in episode 376 has success rate: 0.00, collision rate: 0.12, nav time: 25.00, total reward: -0.0141
2021-10-09 09:10:56, INFO: TRAIN in episode 377 has success rate: 0.00, collision rate: 0.14, nav time: 25.00, total reward: -0.0136
2021-10-09 09:14:29, INFO: TRAIN in episode 378 has success rate: 0.00, collision rate: 0.14, nav time: 25.00, total reward: -0.0184
2021-10-09 09:17:54, INFO: TRAIN in episode 379 has success rate: 0.00, collision rate: 0.12, nav time: 25.00, total reward: -0.0145
2021-10-09 09:21:32, INFO: TRAIN in episode 380 has success rate: 0.00, collision rate: 0.04, nav time: 25.00, total reward: -0.0098
2021-10-09 09:24:56, INFO: TRAIN in episode 381 has success rate: 0.00, collision rate: 0.10, nav time: 25.00, total reward: -0.0165
2021-10-09 09:28:34, INFO: TRAIN in episode 382 has success rate: 0.00, collision rate: 0.02, nav time: 25.00, total reward: -0.0028
2021-10-09 09:32:07, INFO: TRAIN in episode 383 has success rate: 0.00, collision rate: 0.06, nav time: 25.00, total reward: -0.0106
2021-10-09 09:35:35, INFO: TRAIN in episode 384 has success rate: 0.00, collision rate: 0.14, nav time: 25.00, total reward: -0.0145
2021-10-09 09:39:11, INFO: TRAIN in episode 385 has success rate: 0.00, collision rate: 0.08, nav time: 25.00, total reward: -0.0081
2021-10-09 09:42:34, INFO: TRAIN in episode 386 has success rate: 0.00, collision rate: 0.18, nav time: 25.00, total reward: -0.0193
2021-10-09 09:46:05, INFO: TRAIN in episode 387 has success rate: 0.00, collision rate: 0.10, nav time: 25.00, total reward: -0.0084
2021-10-09 09:49:32, INFO: TRAIN in episode 388 has success rate: 0.00, collision rate: 0.12, nav time: 25.00, total reward: -0.0164
2021-10-09 09:53:04, INFO: TRAIN in episode 389 has success rate: 0.00, collision rate: 0.08, nav time: 25.00, total reward: -0.0080
2021-10-09 09:56:31, INFO: TRAIN in episode 390 has success rate: 0.00, collision rate: 0.12, nav time: 25.00, total reward: -0.0119
2021-10-09 10:00:04, INFO: TRAIN in episode 391 has success rate: 0.00, collision rate: 0.08, nav time: 25.00, total reward: -0.0097
2021-10-09 10:03:32, INFO: TRAIN in episode 392 has success rate: 0.00, collision rate: 0.06, nav time: 25.00, total reward: -0.0068
2021-10-09 10:07:05, INFO: TRAIN in episode 393 has success rate: 0.00, collision rate: 0.08, nav time: 25.00, total reward: -0.0106
2021-10-09 10:10:30, INFO: TRAIN in episode 394 has success rate: 0.00, collision rate: 0.20, nav time: 25.00, total reward: -0.0176
2021-10-09 10:14:00, INFO: TRAIN in episode 395 has success rate: 0.00, collision rate: 0.10, nav time: 25.00, total reward: -0.0088
2021-10-09 10:17:19, INFO: TRAIN in episode 396 has success rate: 0.00, collision rate: 0.18, nav time: 25.00, total reward: -0.0205
2021-10-09 10:20:48, INFO: TRAIN in episode 397 has success rate: 0.00, collision rate: 0.08, nav time: 25.00, total reward: -0.0102
2021-10-09 10:24:20, INFO: TRAIN in episode 398 has success rate: 0.00, collision rate: 0.12, nav time: 25.00, total reward: -0.0118
2021-10-09 10:27:49, INFO: TRAIN in episode 399 has success rate: 0.00, collision rate: 0.10, nav time: 25.00, total reward: -0.0121
2021-10-09 10:31:12, INFO: TRAIN in episode 400 has success rate: 0.00, collision rate: 0.16, nav time: 25.00, total reward: -0.0165
2021-10-09 10:34:37, INFO: TRAIN in episode 401 has success rate: 0.00, collision rate: 0.12, nav time: 25.00, total reward: -0.0178
2021-10-09 10:38:07, INFO: TRAIN in episode 402 has success rate: 0.00, collision rate: 0.06, nav time: 25.00, total reward: -0.0093
2021-10-09 10:41:44, INFO: TRAIN in episode 403 has success rate: 0.00, collision rate: 0.02, nav time: 25.00, total reward: -0.0057
2021-10-09 10:45:09, INFO: TRAIN in episode 404 has success rate: 0.00, collision rate: 0.10, nav time: 25.00, total reward: -0.0112
2021-10-09 10:48:41, INFO: TRAIN in episode 405 has success rate: 0.00, collision rate: 0.08, nav time: 25.00, total reward: -0.0121
2021-10-09 10:52:17, INFO: TRAIN in episode 406 has success rate: 0.00, collision rate: 0.10, nav time: 25.00, total reward: -0.0126
2021-10-09 10:55:49, INFO: TRAIN in episode 407 has success rate: 0.00, collision rate: 0.14, nav time: 25.00, total reward: -0.0129
2021-10-09 10:59:27, INFO: TRAIN in episode 408 has success rate: 0.00, collision rate: 0.08, nav time: 25.00, total reward: -0.0098
2021-10-09 11:02:56, INFO: TRAIN in episode 409 has success rate: 0.00, collision rate: 0.16, nav time: 25.00, total reward: -0.0238
2021-10-09 11:06:30, INFO: TRAIN in episode 410 has success rate: 0.00, collision rate: 0.08, nav time: 25.00, total reward: -0.0109
2021-10-09 11:10:03, INFO: TRAIN in episode 411 has success rate: 0.00, collision rate: 0.14, nav time: 25.00, total reward: -0.0146
2021-10-09 11:13:43, INFO: TRAIN in episode 412 has success rate: 0.00, collision rate: 0.10, nav time: 25.00, total reward: -0.0063
2021-10-09 11:17:12, INFO: TRAIN in episode 413 has success rate: 0.00, collision rate: 0.10, nav time: 25.00, total reward: -0.0103
2021-10-09 11:20:49, INFO: TRAIN in episode 414 has success rate: 0.00, collision rate: 0.08, nav time: 25.00, total reward: -0.0091
2021-10-09 11:24:24, INFO: TRAIN in episode 415 has success rate: 0.00, collision rate: 0.08, nav time: 25.00, total reward: -0.0070
2021-10-09 11:27:59, INFO: TRAIN in episode 416 has success rate: 0.00, collision rate: 0.12, nav time: 25.00, total reward: -0.0119
2021-10-09 11:31:37, INFO: TRAIN in episode 417 has success rate: 0.00, collision rate: 0.06, nav time: 25.00, total reward: -0.0088
2021-10-09 11:35:22, INFO: TRAIN in episode 418 has success rate: 0.00, collision rate: 0.08, nav time: 25.00, total reward: -0.0140
2021-10-09 11:38:47, INFO: TRAIN in episode 419 has success rate: 0.00, collision rate: 0.16, nav time: 25.00, total reward: -0.0248
2021-10-09 11:42:12, INFO: TRAIN in episode 420 has success rate: 0.00, collision rate: 0.16, nav time: 25.00, total reward: -0.0187
2021-10-09 11:45:43, INFO: TRAIN in episode 421 has success rate: 0.00, collision rate: 0.14, nav time: 25.00, total reward: -0.0169
2021-10-09 11:49:17, INFO: TRAIN in episode 422 has success rate: 0.00, collision rate: 0.10, nav time: 25.00, total reward: -0.0123
2021-10-09 11:52:49, INFO: TRAIN in episode 423 has success rate: 0.00, collision rate: 0.12, nav time: 25.00, total reward: -0.0153
2021-10-09 11:56:25, INFO: TRAIN in episode 424 has success rate: 0.00, collision rate: 0.10, nav time: 25.00, total reward: -0.0103
2021-10-09 12:00:02, INFO: TRAIN in episode 425 has success rate: 0.00, collision rate: 0.08, nav time: 25.00, total reward: -0.0128
2021-10-09 12:03:34, INFO: TRAIN in episode 426 has success rate: 0.00, collision rate: 0.10, nav time: 25.00, total reward: -0.0140
2021-10-09 12:07:18, INFO: TRAIN in episode 427 has success rate: 0.00, collision rate: 0.06, nav time: 25.00, total reward: -0.0058
2021-10-09 12:10:51, INFO: TRAIN in episode 428 has success rate: 0.00, collision rate: 0.10, nav time: 25.00, total reward: -0.0105
2021-10-09 12:14:20, INFO: TRAIN in episode 429 has success rate: 0.00, collision rate: 0.16, nav time: 25.00, total reward: -0.0195
2021-10-09 12:17:49, INFO: TRAIN in episode 430 has success rate: 0.00, collision rate: 0.14, nav time: 25.00, total reward: -0.0141
2021-10-09 12:21:22, INFO: TRAIN in episode 431 has success rate: 0.00, collision rate: 0.12, nav time: 25.00, total reward: -0.0115
2021-10-09 12:24:53, INFO: TRAIN in episode 432 has success rate: 0.00, collision rate: 0.12, nav time: 25.00, total reward: -0.0111
2021-10-09 12:28:29, INFO: TRAIN in episode 433 has success rate: 0.00, collision rate: 0.08, nav time: 25.00, total reward: -0.0097
2021-10-09 12:31:59, INFO: TRAIN in episode 434 has success rate: 0.00, collision rate: 0.12, nav time: 25.00, total reward: -0.0174
2021-10-09 12:35:37, INFO: TRAIN in episode 435 has success rate: 0.00, collision rate: 0.10, nav time: 25.00, total reward: -0.0113
2021-10-09 12:39:07, INFO: TRAIN in episode 436 has success rate: 0.00, collision rate: 0.10, nav time: 25.00, total reward: -0.0143
2021-10-09 12:42:39, INFO: TRAIN in episode 437 has success rate: 0.00, collision rate: 0.12, nav time: 25.00, total reward: -0.0143
2021-10-09 12:46:18, INFO: TRAIN in episode 438 has success rate: 0.00, collision rate: 0.08, nav time: 25.00, total reward: -0.0100
2021-10-09 12:50:07, INFO: TRAIN in episode 439 has success rate: 0.00, collision rate: 0.14, nav time: 25.00, total reward: -0.0166
2021-10-09 12:53:49, INFO: TRAIN in episode 440 has success rate: 0.00, collision rate: 0.04, nav time: 25.00, total reward: -0.0055
2021-10-09 12:57:33, INFO: TRAIN in episode 441 has success rate: 0.00, collision rate: 0.06, nav time: 25.00, total reward: -0.0066
2021-10-09 13:01:04, INFO: TRAIN in episode 442 has success rate: 0.00, collision rate: 0.12, nav time: 25.00, total reward: -0.0120
2021-10-09 13:04:47, INFO: TRAIN in episode 443 has success rate: 0.00, collision rate: 0.06, nav time: 25.00, total reward: -0.0066
2021-10-09 13:08:17, INFO: TRAIN in episode 444 has success rate: 0.00, collision rate: 0.14, nav time: 25.00, total reward: -0.0155
2021-10-09 13:12:04, INFO: TRAIN in episode 445 has success rate: 0.00, collision rate: 0.06, nav time: 25.00, total reward: -0.0069
2021-10-09 13:15:37, INFO: TRAIN in episode 446 has success rate: 0.00, collision rate: 0.10, nav time: 25.00, total reward: -0.0145
2021-10-09 13:19:07, INFO: TRAIN in episode 447 has success rate: 0.00, collision rate: 0.16, nav time: 25.00, total reward: -0.0181
2021-10-09 13:22:47, INFO: TRAIN in episode 448 has success rate: 0.00, collision rate: 0.06, nav time: 25.00, total reward: -0.0062
2021-10-09 13:26:28, INFO: TRAIN in episode 449 has success rate: 0.00, collision rate: 0.04, nav time: 25.00, total reward: -0.0077
2021-10-09 13:30:01, INFO: TRAIN in episode 450 has success rate: 0.00, collision rate: 0.14, nav time: 25.00, total reward: -0.0149
2021-10-09 13:33:45, INFO: TRAIN in episode 451 has success rate: 0.00, collision rate: 0.06, nav time: 25.00, total reward: -0.0093
2021-10-09 13:37:44, INFO: TRAIN in episode 452 has success rate: 0.00, collision rate: 0.02, nav time: 25.00, total reward: -0.0045
2021-10-09 13:41:13, INFO: TRAIN in episode 453 has success rate: 0.00, collision rate: 0.16, nav time: 25.00, total reward: -0.0195
2021-10-09 13:44:44, INFO: TRAIN in episode 454 has success rate: 0.00, collision rate: 0.10, nav time: 25.00, total reward: -0.0125
2021-10-09 13:48:19, INFO: TRAIN in episode 455 has success rate: 0.00, collision rate: 0.10, nav time: 25.00, total reward: -0.0186
2021-10-09 13:51:53, INFO: TRAIN in episode 456 has success rate: 0.00, collision rate: 0.10, nav time: 25.00, total reward: -0.0115
2021-10-09 13:55:33, INFO: TRAIN in episode 457 has success rate: 0.00, collision rate: 0.08, nav time: 25.00, total reward: -0.0084
2021-10-09 13:59:12, INFO: TRAIN in episode 458 has success rate: 0.00, collision rate: 0.10, nav time: 25.00, total reward: -0.0127
2021-10-09 14:02:48, INFO: TRAIN in episode 459 has success rate: 0.00, collision rate: 0.16, nav time: 25.00, total reward: -0.0129
2021-10-09 14:06:28, INFO: TRAIN in episode 460 has success rate: 0.00, collision rate: 0.10, nav time: 25.00, total reward: -0.0067
2021-10-09 14:10:04, INFO: TRAIN in episode 461 has success rate: 0.00, collision rate: 0.12, nav time: 25.00, total reward: -0.0109
2021-10-09 14:13:42, INFO: TRAIN in episode 462 has success rate: 0.00, collision rate: 0.08, nav time: 25.00, total reward: -0.0112
2021-10-09 14:17:11, INFO: TRAIN in episode 463 has success rate: 0.00, collision rate: 0.12, nav time: 25.00, total reward: -0.0145
2021-10-09 14:20:38, INFO: TRAIN in episode 464 has success rate: 0.00, collision rate: 0.16, nav time: 25.00, total reward: -0.0240
2021-10-09 14:24:04, INFO: TRAIN in episode 465 has success rate: 0.00, collision rate: 0.16, nav time: 25.00, total reward: -0.0241
2021-10-09 14:27:44, INFO: TRAIN in episode 466 has success rate: 0.00, collision rate: 0.14, nav time: 25.00, total reward: -0.0145
2021-10-09 14:31:32, INFO: TRAIN in episode 467 has success rate: 0.00, collision rate: 0.08, nav time: 25.00, total reward: -0.0058
2021-10-09 14:35:12, INFO: TRAIN in episode 468 has success rate: 0.00, collision rate: 0.08, nav time: 25.00, total reward: -0.0133
2021-10-09 14:38:55, INFO: TRAIN in episode 469 has success rate: 0.00, collision rate: 0.10, nav time: 25.00, total reward: -0.0083
2021-10-09 14:42:42, INFO: TRAIN in episode 470 has success rate: 0.00, collision rate: 0.04, nav time: 25.00, total reward: -0.0072
2021-10-09 14:46:22, INFO: TRAIN in episode 471 has success rate: 0.00, collision rate: 0.12, nav time: 25.00, total reward: -0.0141
2021-10-09 14:50:04, INFO: TRAIN in episode 472 has success rate: 0.00, collision rate: 0.06, nav time: 25.00, total reward: -0.0095
2021-10-09 14:53:38, INFO: TRAIN in episode 473 has success rate: 0.00, collision rate: 0.20, nav time: 25.00, total reward: -0.0209
2021-10-09 14:57:13, INFO: TRAIN in episode 474 has success rate: 0.00, collision rate: 0.20, nav time: 25.00, total reward: -0.0181
2021-10-09 15:00:58, INFO: TRAIN in episode 475 has success rate: 0.00, collision rate: 0.08, nav time: 25.00, total reward: -0.0080
2021-10-09 15:04:41, INFO: TRAIN in episode 476 has success rate: 0.00, collision rate: 0.06, nav time: 25.00, total reward: -0.0066
2021-10-09 15:08:14, INFO: TRAIN in episode 477 has success rate: 0.00, collision rate: 0.16, nav time: 25.00, total reward: -0.0183
2021-10-09 15:11:59, INFO: TRAIN in episode 478 has success rate: 0.00, collision rate: 0.08, nav time: 25.00, total reward: -0.0089
2021-10-09 15:15:42, INFO: TRAIN in episode 479 has success rate: 0.00, collision rate: 0.06, nav time: 25.00, total reward: -0.0046
2021-10-09 15:19:09, INFO: TRAIN in episode 480 has success rate: 0.00, collision rate: 0.16, nav time: 25.00, total reward: -0.0172
2021-10-09 15:22:45, INFO: TRAIN in episode 481 has success rate: 0.00, collision rate: 0.08, nav time: 25.00, total reward: -0.0082
2021-10-09 15:26:15, INFO: TRAIN in episode 482 has success rate: 0.00, collision rate: 0.14, nav time: 25.00, total reward: -0.0124
2021-10-09 15:29:47, INFO: TRAIN in episode 483 has success rate: 0.00, collision rate: 0.04, nav time: 25.00, total reward: -0.0093
2021-10-09 15:33:14, INFO: TRAIN in episode 484 has success rate: 0.00, collision rate: 0.12, nav time: 25.00, total reward: -0.0193
2021-10-09 15:36:59, INFO: TRAIN in episode 485 has success rate: 0.00, collision rate: 0.02, nav time: 25.00, total reward: -0.0059
2021-10-09 15:40:21, INFO: TRAIN in episode 486 has success rate: 0.00, collision rate: 0.12, nav time: 25.00, total reward: -0.0160
2021-10-09 15:43:50, INFO: TRAIN in episode 487 has success rate: 0.00, collision rate: 0.12, nav time: 25.00, total reward: -0.0122
2021-10-09 15:47:26, INFO: TRAIN in episode 488 has success rate: 0.00, collision rate: 0.08, nav time: 25.00, total reward: -0.0079
2021-10-09 15:50:52, INFO: TRAIN in episode 489 has success rate: 0.00, collision rate: 0.12, nav time: 25.00, total reward: -0.0175
2021-10-09 15:54:22, INFO: TRAIN in episode 490 has success rate: 0.00, collision rate: 0.10, nav time: 25.00, total reward: -0.0100
2021-10-09 15:57:59, INFO: TRAIN in episode 491 has success rate: 0.00, collision rate: 0.12, nav time: 25.00, total reward: -0.0132
2021-10-09 16:01:35, INFO: TRAIN in episode 492 has success rate: 0.00, collision rate: 0.06, nav time: 25.00, total reward: -0.0092
2021-10-09 16:05:02, INFO: TRAIN in episode 493 has success rate: 0.00, collision rate: 0.10, nav time: 25.00, total reward: -0.0163
2021-10-09 16:08:26, INFO: TRAIN in episode 494 has success rate: 0.00, collision rate: 0.22, nav time: 25.00, total reward: -0.0182
2021-10-09 16:12:06, INFO: TRAIN in episode 495 has success rate: 0.00, collision rate: 0.06, nav time: 25.00, total reward: -0.0050
2021-10-09 16:15:41, INFO: TRAIN in episode 496 has success rate: 0.00, collision rate: 0.14, nav time: 25.00, total reward: -0.0231
2021-10-09 16:19:17, INFO: TRAIN in episode 497 has success rate: 0.00, collision rate: 0.14, nav time: 25.00, total reward: -0.0114
2021-10-09 16:22:53, INFO: TRAIN in episode 498 has success rate: 0.00, collision rate: 0.10, nav time: 25.00, total reward: -0.0078
2021-10-09 16:26:27, INFO: TRAIN in episode 499 has success rate: 0.00, collision rate: 0.06, nav time: 25.00, total reward: -0.0099
2021-10-09 16:39:48, INFO: VAL   in episode 500 has success rate: 0.00, collision rate: 0.00, nav time: 25.00, total reward: -0.0006
2021-10-09 16:39:48, INFO: Frequency of being in danger: 0.00 and average min separate distance in danger: 0.13
2021-10-09 16:43:22, INFO: TRAIN in episode 500 has success rate: 0.00, collision rate: 0.06, nav time: 25.00, total reward: -0.0095
2021-10-09 16:46:53, INFO: TRAIN in episode 501 has success rate: 0.00, collision rate: 0.12, nav time: 25.00, total reward: -0.0178
2021-10-09 16:50:31, INFO: TRAIN in episode 502 has success rate: 0.00, collision rate: 0.06, nav time: 25.00, total reward: -0.0085
2021-10-09 16:53:49, INFO: TRAIN in episode 503 has success rate: 0.00, collision rate: 0.20, nav time: 25.00, total reward: -0.0228
2021-10-09 16:57:24, INFO: TRAIN in episode 504 has success rate: 0.00, collision rate: 0.10, nav time: 25.00, total reward: -0.0104
2021-10-09 17:00:53, INFO: TRAIN in episode 505 has success rate: 0.00, collision rate: 0.10, nav time: 25.00, total reward: -0.0142
2021-10-09 17:04:22, INFO: TRAIN in episode 506 has success rate: 0.00, collision rate: 0.14, nav time: 25.00, total reward: -0.0131
2021-10-09 17:07:53, INFO: TRAIN in episode 507 has success rate: 0.00, collision rate: 0.08, nav time: 25.00, total reward: -0.0080
2021-10-09 17:11:32, INFO: TRAIN in episode 508 has success rate: 0.00, collision rate: 0.08, nav time: 25.00, total reward: -0.0114
2021-10-09 17:15:10, INFO: TRAIN in episode 509 has success rate: 0.00, collision rate: 0.08, nav time: 25.00, total reward: -0.0070
2021-10-09 17:18:37, INFO: TRAIN in episode 510 has success rate: 0.00, collision rate: 0.10, nav time: 25.00, total reward: -0.0140
2021-10-09 17:22:08, INFO: TRAIN in episode 511 has success rate: 0.00, collision rate: 0.14, nav time: 25.00, total reward: -0.0184
2021-10-09 17:25:49, INFO: TRAIN in episode 512 has success rate: 0.00, collision rate: 0.02, nav time: 25.00, total reward: -0.0065
2021-10-09 17:29:24, INFO: TRAIN in episode 513 has success rate: 0.00, collision rate: 0.08, nav time: 25.00, total reward: -0.0135
2021-10-09 17:32:52, INFO: TRAIN in episode 514 has success rate: 0.00, collision rate: 0.18, nav time: 25.00, total reward: -0.0195
2021-10-09 17:36:38, INFO: TRAIN in episode 515 has success rate: 0.00, collision rate: 0.08, nav time: 25.00, total reward: -0.0087
