2021-10-16 00:35:41, DEBUG: Popen(['git', 'cat-file', '--batch-check'], cwd=/home/jia/Documents/MasterProject/CrowdNav-master/crowd_nav, universal_newlines=False, shell=None, istream=<valid stream>)
2021-10-16 00:35:41, INFO: Current git head hash code: %s
2021-10-16 00:35:41, INFO: Using device: cpu
2021-10-16 00:35:41, INFO: Policy: LSTM-RL w/o pairwise interaction module
2021-10-16 00:35:41, INFO: human number: 5
2021-10-16 00:35:41, INFO: Not randomize human's radius and preferred speed
2021-10-16 00:35:41, INFO: Training simulation: circle_crossing, test simulation: circle_crossing
2021-10-16 00:35:41, INFO: Square width: 10.0, circle width: 4.0
2021-10-16 00:35:41, INFO: Current learning rate: 0.010000
2021-10-16 00:35:41, INFO: Orca_danger_dist: 1.00
2021-10-16 00:35:41, INFO: Policy: ORCA_discrete without occupancy map
2021-10-16 00:35:41, INFO: Dynamic Obstacle Set FALSE!
2021-10-16 00:52:33, INFO: TRAIN has success rate: 0.60, collision rate: 0.19, nav time: 14.97, total reward: 0.0650
2021-10-16 00:52:41, DEBUG: Average loss in epoch 0: 4.72E-04
2021-10-16 00:52:49, DEBUG: Average loss in epoch 1: 2.80E-04
2021-10-16 00:52:56, DEBUG: Average loss in epoch 2: 1.83E-04
2021-10-16 00:53:05, DEBUG: Average loss in epoch 3: 1.61E-04
2021-10-16 00:53:14, DEBUG: Average loss in epoch 4: 1.52E-04
2021-10-16 00:53:23, DEBUG: Average loss in epoch 5: 1.43E-04
2021-10-16 00:53:31, DEBUG: Average loss in epoch 6: 1.35E-04
2021-10-16 00:53:39, DEBUG: Average loss in epoch 7: 1.31E-04
2021-10-16 00:53:47, DEBUG: Average loss in epoch 8: 1.27E-04
2021-10-16 00:53:54, DEBUG: Average loss in epoch 9: 1.24E-04
2021-10-16 00:54:02, DEBUG: Average loss in epoch 10: 1.21E-04
2021-10-16 00:54:09, DEBUG: Average loss in epoch 11: 1.18E-04
2021-10-16 00:54:17, DEBUG: Average loss in epoch 12: 1.15E-04
2021-10-16 00:54:25, DEBUG: Average loss in epoch 13: 1.13E-04
2021-10-16 00:54:33, DEBUG: Average loss in epoch 14: 1.10E-04
2021-10-16 00:54:40, DEBUG: Average loss in epoch 15: 1.08E-04
2021-10-16 00:54:48, DEBUG: Average loss in epoch 16: 1.06E-04
2021-10-16 00:54:55, DEBUG: Average loss in epoch 17: 1.04E-04
2021-10-16 00:55:03, DEBUG: Average loss in epoch 18: 1.03E-04
2021-10-16 00:55:10, DEBUG: Average loss in epoch 19: 1.02E-04
2021-10-16 00:55:18, DEBUG: Average loss in epoch 20: 1.01E-04
2021-10-16 00:55:25, DEBUG: Average loss in epoch 21: 9.91E-05
2021-10-16 00:55:32, DEBUG: Average loss in epoch 22: 9.80E-05
2021-10-16 00:55:40, DEBUG: Average loss in epoch 23: 9.74E-05
2021-10-16 00:55:47, DEBUG: Average loss in epoch 24: 9.65E-05
2021-10-16 00:55:55, DEBUG: Average loss in epoch 25: 9.56E-05
2021-10-16 00:56:02, DEBUG: Average loss in epoch 26: 9.42E-05
2021-10-16 00:56:10, DEBUG: Average loss in epoch 27: 9.30E-05
2021-10-16 00:56:17, DEBUG: Average loss in epoch 28: 9.17E-05
2021-10-16 00:56:24, DEBUG: Average loss in epoch 29: 9.11E-05
2021-10-16 00:56:32, DEBUG: Average loss in epoch 30: 9.25E-05
2021-10-16 00:56:39, DEBUG: Average loss in epoch 31: 9.05E-05
2021-10-16 00:56:47, DEBUG: Average loss in epoch 32: 9.02E-05
2021-10-16 00:56:55, DEBUG: Average loss in epoch 33: 8.90E-05
2021-10-16 00:57:02, DEBUG: Average loss in epoch 34: 8.86E-05
2021-10-16 00:57:10, DEBUG: Average loss in epoch 35: 8.82E-05
2021-10-16 00:57:17, DEBUG: Average loss in epoch 36: 8.74E-05
2021-10-16 00:57:25, DEBUG: Average loss in epoch 37: 8.70E-05
2021-10-16 00:57:32, DEBUG: Average loss in epoch 38: 8.66E-05
2021-10-16 00:57:40, DEBUG: Average loss in epoch 39: 8.56E-05
2021-10-16 00:57:48, DEBUG: Average loss in epoch 40: 8.49E-05
2021-10-16 00:57:55, DEBUG: Average loss in epoch 41: 8.44E-05
2021-10-16 00:58:02, DEBUG: Average loss in epoch 42: 8.41E-05
2021-10-16 00:58:10, DEBUG: Average loss in epoch 43: 8.35E-05
2021-10-16 00:58:17, DEBUG: Average loss in epoch 44: 8.27E-05
2021-10-16 00:58:25, DEBUG: Average loss in epoch 45: 8.27E-05
2021-10-16 00:58:32, DEBUG: Average loss in epoch 46: 8.25E-05
2021-10-16 00:58:40, DEBUG: Average loss in epoch 47: 8.21E-05
2021-10-16 00:58:47, DEBUG: Average loss in epoch 48: 8.14E-05
2021-10-16 00:58:55, DEBUG: Average loss in epoch 49: 8.14E-05
2021-10-16 00:58:55, INFO: Finish imitation learning. Weights saved.
2021-10-16 00:58:55, INFO: Experience set size: 100000/100000
2021-10-16 00:58:55, INFO: Agent is invisible and has holonomic kinematic constraint
2021-10-16 00:58:55, INFO: Current learning rate: 0.001000
2021-10-16 00:58:55, INFO: Dynamic Obstacle Set FALSE!
2021-10-16 01:05:32, INFO: VAL   in episode 0 has success rate: 0.69, collision rate: 0.00, nav time: 13.02, total reward: 0.1777
2021-10-16 01:05:32, INFO: Frequency of being in danger: 0.02 and average min separate distance in danger: 0.11
2021-10-16 01:05:32, INFO: Dynamic Obstacle Set TRUE!
2021-10-16 01:05:32, DEBUG: Number of obstacles: 3
2021-10-16 01:05:34, INFO: TRAIN in episode 0 has success rate: 0.00, collision rate: 0.00, nav time: 25.00, total reward: 0.0000
2021-10-16 01:05:34, DEBUG: Experience set size: 100000/100000
2021-10-16 01:05:35, DEBUG: Average loss : 7.78E-03
2021-10-16 01:05:35, INFO: Dynamic Obstacle Set TRUE!
2021-10-16 01:05:35, DEBUG: Number of obstacles: 8
2021-10-16 01:05:40, INFO: TRAIN in episode 1 has success rate: 1.00, collision rate: 0.00, nav time: 23.00, total reward: 0.0910
2021-10-16 01:05:40, DEBUG: Experience set size: 100000/100000
2021-10-16 01:05:41, DEBUG: Average loss : 6.15E-03
2021-10-16 01:05:41, INFO: Dynamic Obstacle Set TRUE!
2021-10-16 01:05:41, DEBUG: Number of obstacles: 2
2021-10-16 01:05:43, INFO: TRAIN in episode 2 has success rate: 0.00, collision rate: 0.00, nav time: 25.00, total reward: 0.0000
2021-10-16 01:05:43, DEBUG: Experience set size: 100000/100000
2021-10-16 01:05:44, DEBUG: Average loss : 7.27E-03
2021-10-16 01:05:44, INFO: Dynamic Obstacle Set TRUE!
2021-10-16 01:05:44, DEBUG: Number of obstacles: 6
2021-10-16 01:05:47, INFO: TRAIN in episode 3 has success rate: 1.00, collision rate: 0.00, nav time: 21.75, total reward: 0.1038
2021-10-16 01:05:47, DEBUG: Experience set size: 100000/100000
2021-10-16 01:05:48, DEBUG: Average loss : 6.92E-03
2021-10-16 01:05:48, INFO: Dynamic Obstacle Set TRUE!
2021-10-16 01:05:48, DEBUG: Number of obstacles: 9
2021-10-16 01:05:51, INFO: TRAIN in episode 4 has success rate: 0.00, collision rate: 1.00, nav time: 25.00, total reward: -0.0919
2021-10-16 01:05:51, DEBUG: Experience set size: 100000/100000
2021-10-16 01:05:52, DEBUG: Average loss : 6.46E-03
2021-10-16 01:05:52, INFO: Dynamic Obstacle Set TRUE!
2021-10-16 01:05:52, DEBUG: Number of obstacles: 5
2021-10-16 01:05:55, INFO: TRAIN in episode 5 has success rate: 1.00, collision rate: 0.00, nav time: 21.50, total reward: 0.1066
2021-10-16 01:05:55, DEBUG: Experience set size: 100000/100000
2021-10-16 01:05:56, DEBUG: Average loss : 5.89E-03
2021-10-16 01:05:56, INFO: Dynamic Obstacle Set TRUE!
2021-10-16 01:05:56, DEBUG: Number of obstacles: 3
2021-10-16 01:05:58, INFO: TRAIN in episode 6 has success rate: 1.00, collision rate: 0.00, nav time: 19.00, total reward: 0.1387
2021-10-16 01:05:58, DEBUG: Experience set size: 100000/100000
